<?xml version="1.0" encoding="UTF-8"?>
<testsuite name="datastructs.QueueTest" tests="1" skipped="0" failures="0" errors="0" timestamp="2017-11-03T02:04:09" hostname="sexy" time="0.001">
  <properties/>
  <testcase name="testQueue" classname="datastructs.QueueTest" time="0.001"/>
  <system-out><![CDATA[BRAH QUEUE FULL
]]></system-out>
  <system-err><![CDATA[]]></system-err>
</testsuite>
